<?xml version="1.0" encoding="UTF-8"?>
<!-- Generated by org.testng.reporters.JUnitReportReporter -->
<testsuite hostname="DESKTOP-OAPST3F" failures="0" tests="1" name="com.qa.testscript.TC_Home_001" time="30.435" errors="0" timestamp="2021-12-13T13:39:33 IST" skipped="0">
  <testcase classname="com.qa.testscript.TC_Home_001" name="Home" time="30.435"/>
  <system-out>
    <![CDATA[User logged in
Product is displayed]]>
  </system-out>
</testsuite> <!-- com.qa.testscript.TC_Home_001 -->
