<?xml version="1.0" encoding="UTF-8"?>
<!-- Generated by org.testng.reporters.JUnitReportReporter -->
<testsuite hostname="DESKTOP-OAPST3F" failures="0" tests="1" name="com.qa.testscript.TC_CustomerService_001" time="32.974" errors="0" timestamp="2021-12-14T10:07:15 IST" skipped="0">
  <testcase classname="com.qa.testscript.TC_CustomerService_001" name="Service" time="32.974"/>
  <system-out>
    <![CDATA[User logged in
Landed on Customer Service Page
Options for Customer Service are displayed
Options for Contacting are displayed
Page Navigated to Chat Page.]]>
  </system-out>
</testsuite> <!-- com.qa.testscript.TC_CustomerService_001 -->
