<?xml version="1.0" encoding="UTF-8"?>
<!-- Generated by org.testng.reporters.JUnitReportReporter -->
<testsuite hostname="DESKTOP-OAPST3F" failures="0" tests="1" name="com.qa.testscript.CustomerService" time="38.939" errors="0" timestamp="2021-12-10T10:33:24 IST" skipped="0">
  <testcase classname="com.qa.testscript.CustomerService" name="Service" time="38.939"/>
  <system-out/>
</testsuite> <!-- com.qa.testscript.CustomerService -->
