<?xml version="1.0" encoding="UTF-8"?>
<!-- Generated by org.testng.reporters.JUnitReportReporter -->
<testsuite hostname="DESKTOP-OAPST3F" failures="0" tests="1" name="com.qa.testscript.TC_SearchFunctionality_002" time="65.752" errors="0" timestamp="2021-12-10T11:50:41 IST" skipped="0">
  <testcase classname="com.qa.testscript.TC_SearchFunctionality_002" name="Search" time="65.752"/>
  <system-out/>
</testsuite> <!-- com.qa.testscript.TC_SearchFunctionality_002 -->
